{"D:\\SAAD\\Exam\\Calculator\\backend\\app.js": {"path":"D:\\SAAD\\Exam\\Calculator\\backend\\app.js","statementMap":{"0":{"start":{"line":8,"column":12},"end":{"line":8,"column":21}},"1":{"start":{"line":11,"column":0},"end":{"line":11,"column":22}},"2":{"start":{"line":12,"column":0},"end":{"line":12,"column":52}},"3":{"start":{"line":13,"column":0},"end":{"line":13,"column":16}},"4":{"start":{"line":16,"column":0},"end":{"line":16,"column":29}}},"fnMap":{},"branchMap":{},"s":{"0":1,"1":1,"2":1,"3":1,"4":1},"f":{},"b":{},"_coverageSchema":"1a1c01bbd47fc00a2c39e90264f33305004495a9","hash":"8e65249ce21fc4c68af0ad898958d5c4a95bcfd9"}
,"D:\\SAAD\\Exam\\Calculator\\backend\\controllers\\math.controllers.js": {"path":"D:\\SAAD\\Exam\\Calculator\\backend\\controllers\\math.controllers.js","statementMap":{"0":{"start":{"line":5,"column":22},"end":{"line":47,"column":1}},"1":{"start":{"line":6,"column":15},"end":{"line":10,"column":3}},"2":{"start":{"line":12,"column":2},"end":{"line":46,"column":3}},"3":{"start":{"line":13,"column":4},"end":{"line":40,"column":9}},"4":{"start":{"line":16,"column":8},"end":{"line":33,"column":9}},"5":{"start":{"line":17,"column":10},"end":{"line":17,"column":52}},"6":{"start":{"line":19,"column":10},"end":{"line":32,"column":15}},"7":{"start":{"line":21,"column":14},"end":{"line":25,"column":17}},"8":{"start":{"line":28,"column":14},"end":{"line":31,"column":17}},"9":{"start":{"line":36,"column":8},"end":{"line":39,"column":11}},"10":{"start":{"line":42,"column":4},"end":{"line":45,"column":7}},"11":{"start":{"line":51,"column":18},"end":{"line":55,"column":2}}},"fnMap":{"0":{"name":"(anonymous_0)","decl":{"start":{"line":5,"column":22},"end":{"line":5,"column":23}},"loc":{"start":{"line":5,"column":36},"end":{"line":47,"column":1}},"line":5},"1":{"name":"(anonymous_1)","decl":{"start":{"line":15,"column":12},"end":{"line":15,"column":13}},"loc":{"start":{"line":15,"column":19},"end":{"line":34,"column":7}},"line":15},"2":{"name":"(anonymous_2)","decl":{"start":{"line":20,"column":18},"end":{"line":20,"column":19}},"loc":{"start":{"line":20,"column":32},"end":{"line":26,"column":13}},"line":20},"3":{"name":"(anonymous_3)","decl":{"start":{"line":27,"column":19},"end":{"line":27,"column":20}},"loc":{"start":{"line":27,"column":30},"end":{"line":32,"column":13}},"line":27},"4":{"name":"(anonymous_4)","decl":{"start":{"line":35,"column":13},"end":{"line":35,"column":14}},"loc":{"start":{"line":35,"column":22},"end":{"line":40,"column":7}},"line":35}},"branchMap":{"0":{"loc":{"start":{"line":16,"column":8},"end":{"line":33,"column":9}},"type":"if","locations":[{"start":{"line":16,"column":8},"end":{"line":33,"column":9}},{"start":{"line":18,"column":15},"end":{"line":33,"column":9}}],"line":16}},"s":{"0":1,"1":8,"2":8,"3":8,"4":8,"5":0,"6":8,"7":7,"8":1,"9":0,"10":0,"11":1},"f":{"0":8,"1":8,"2":7,"3":1,"4":0},"b":{"0":[0,8]},"_coverageSchema":"1a1c01bbd47fc00a2c39e90264f33305004495a9","hash":"171d92d67b54b8e6d4d5fcae84ea90561c2e76a0"}
,"D:\\SAAD\\Exam\\Calculator\\backend\\routes\\math.routes.js": {"path":"D:\\SAAD\\Exam\\Calculator\\backend\\routes\\math.routes.js","statementMap":{"0":{"start":{"line":6,"column":15},"end":{"line":6,"column":31}},"1":{"start":{"line":8,"column":0},"end":{"line":8,"column":31}}},"fnMap":{},"branchMap":{},"s":{"0":1,"1":1},"f":{},"b":{},"_coverageSchema":"1a1c01bbd47fc00a2c39e90264f33305004495a9","hash":"f1b74293bcb83ef93647c180565cecaf37bc8b8b"}
,"D:\\SAAD\\Exam\\Calculator\\backend\\services\\math.services.js": {"path":"D:\\SAAD\\Exam\\Calculator\\backend\\services\\math.services.js","statementMap":{"0":{"start":{"line":1,"column":20},"end":{"line":37,"column":1}},"1":{"start":{"line":2,"column":2},"end":{"line":36,"column":5}},"2":{"start":{"line":3,"column":4},"end":{"line":35,"column":5}},"3":{"start":{"line":5,"column":8},"end":{"line":5,"column":37}},"4":{"start":{"line":6,"column":8},"end":{"line":6,"column":14}},"5":{"start":{"line":9,"column":8},"end":{"line":9,"column":37}},"6":{"start":{"line":10,"column":8},"end":{"line":10,"column":14}},"7":{"start":{"line":13,"column":8},"end":{"line":13,"column":37}},"8":{"start":{"line":14,"column":8},"end":{"line":14,"column":14}},"9":{"start":{"line":17,"column":8},"end":{"line":17,"column":37}},"10":{"start":{"line":18,"column":8},"end":{"line":18,"column":14}},"11":{"start":{"line":21,"column":8},"end":{"line":21,"column":46}},"12":{"start":{"line":22,"column":8},"end":{"line":22,"column":14}},"13":{"start":{"line":25,"column":8},"end":{"line":25,"column":49}},"14":{"start":{"line":26,"column":8},"end":{"line":26,"column":14}},"15":{"start":{"line":29,"column":8},"end":{"line":29,"column":47}},"16":{"start":{"line":30,"column":8},"end":{"line":30,"column":14}},"17":{"start":{"line":33,"column":8},"end":{"line":33,"column":36}},"18":{"start":{"line":34,"column":8},"end":{"line":34,"column":14}}},"fnMap":{"0":{"name":"(anonymous_0)","decl":{"start":{"line":1,"column":20},"end":{"line":1,"column":21}},"loc":{"start":{"line":1,"column":55},"end":{"line":37,"column":1}},"line":1},"1":{"name":"(anonymous_1)","decl":{"start":{"line":2,"column":21},"end":{"line":2,"column":22}},"loc":{"start":{"line":2,"column":42},"end":{"line":36,"column":3}},"line":2}},"branchMap":{"0":{"loc":{"start":{"line":3,"column":4},"end":{"line":35,"column":5}},"type":"switch","locations":[{"start":{"line":4,"column":6},"end":{"line":6,"column":14}},{"start":{"line":8,"column":6},"end":{"line":10,"column":14}},{"start":{"line":12,"column":6},"end":{"line":14,"column":14}},{"start":{"line":16,"column":6},"end":{"line":18,"column":14}},{"start":{"line":20,"column":6},"end":{"line":22,"column":14}},{"start":{"line":24,"column":6},"end":{"line":26,"column":14}},{"start":{"line":28,"column":6},"end":{"line":30,"column":14}},{"start":{"line":32,"column":6},"end":{"line":34,"column":14}}],"line":3}},"s":{"0":2,"1":16,"2":16,"3":2,"4":2,"5":2,"6":2,"7":2,"8":2,"9":2,"10":2,"11":2,"12":2,"13":2,"14":2,"15":2,"16":2,"17":2,"18":2},"f":{"0":16,"1":16},"b":{"0":[2,2,2,2,2,2,2,2]},"_coverageSchema":"1a1c01bbd47fc00a2c39e90264f33305004495a9","hash":"096c588da3d08b469956d66850d9865cb1a6ab7c"}
}
