TN:
SF:app.js
FNF:0
FNH:0
DA:8,1
DA:11,1
DA:12,1
DA:13,1
DA:16,1
LF:5
LH:5
BRF:0
BRH:0
end_of_record
TN:
SF:controllers\math.controllers.js
FN:5,(anonymous_0)
FN:15,(anonymous_1)
FN:20,(anonymous_2)
FN:27,(anonymous_3)
FN:35,(anonymous_4)
FNF:5
FNH:4
FNDA:8,(anonymous_0)
FNDA:8,(anonymous_1)
FNDA:7,(anonymous_2)
FNDA:1,(anonymous_3)
FNDA:0,(anonymous_4)
DA:5,1
DA:6,8
DA:12,8
DA:13,8
DA:16,8
DA:17,0
DA:19,8
DA:21,7
DA:28,1
DA:36,0
DA:42,0
DA:51,1
LF:12
LH:9
BRDA:16,0,0,0
BRDA:16,0,1,8
BRF:2
BRH:1
end_of_record
TN:
SF:routes\math.routes.js
FNF:0
FNH:0
DA:6,1
DA:8,1
LF:2
LH:2
BRF:0
BRH:0
end_of_record
TN:
SF:services\math.services.js
FN:1,(anonymous_0)
FN:2,(anonymous_1)
FNF:2
FNH:2
FNDA:16,(anonymous_0)
FNDA:16,(anonymous_1)
DA:1,2
DA:2,16
DA:3,16
DA:5,2
DA:6,2
DA:9,2
DA:10,2
DA:13,2
DA:14,2
DA:17,2
DA:18,2
DA:21,2
DA:22,2
DA:25,2
DA:26,2
DA:29,2
DA:30,2
DA:33,2
DA:34,2
LF:19
LH:19
BRDA:3,0,0,2
BRDA:3,0,1,2
BRDA:3,0,2,2
BRDA:3,0,3,2
BRDA:3,0,4,2
BRDA:3,0,5,2
BRDA:3,0,6,2
BRDA:3,0,7,2
BRF:8
BRH:8
end_of_record
